<?xml version="1.0" encoding="UTF-8"?>
<!-- Generated by org.testng.reporters.JUnitReportReporter -->
<testsuite skipped="0" hostname="Vishwanaths-MacBook-Pro.local" name="testNG_Package.Before_Class" tests="2" failures="0" timestamp="30 Oct 2018 16:13:27 GMT" time="0.013" errors="0">
  <testcase name="test" time="0.002" classname="testNG_Package.Before_Class"/>
  <testcase name="test" time="0.011" classname="testNG_Package.Before_Class"/>
</testsuite> <!-- testNG_Package.Before_Class -->
