<?xml version="1.0" encoding="UTF-8"?>
<!-- Generated by org.testng.reporters.JUnitReportReporter -->
<testsuite skipped="0" hostname="Vishwanaths-MacBook-Pro.local" name="TestNGTC" tests="5" failures="0" timestamp="21 Oct 2018 11:00:22 GMT" time="0.031" errors="0">
  <testcase name="test3" time="0.003" classname="TestNGTC"/>
  <testcase name="test1" time="0.009" classname="TestNGTC"/>
  <testcase name="test5" time="0.011" classname="TestNGTC"/>
  <testcase name="test2" time="0.005" classname="TestNGTC"/>
  <testcase name="test4" time="0.003" classname="TestNGTC"/>
</testsuite> <!-- TestNGTC -->
