<?xml version="1.0" encoding="UTF-8"?>
<!-- Generated by org.testng.reporters.JUnitReportReporter -->
<testsuite skipped="0" hostname="Vishwanaths-MacBook-Pro.local" name="testNG_Package.TC2" tests="6" failures="0" timestamp="30 Oct 2018 16:13:27 GMT" time="0.012" errors="0">
  <testcase name="case3" time="0.001" classname="testNG_Package.TC2"/>
  <testcase name="case2" time="0.003" classname="testNG_Package.TC2"/>
  <testcase name="case3" time="0.001" classname="testNG_Package.TC2"/>
  <testcase name="case2" time="0.002" classname="testNG_Package.TC2"/>
  <testcase name="case1" time="0.003" classname="testNG_Package.TC2"/>
  <testcase name="case1" time="0.002" classname="testNG_Package.TC2"/>
</testsuite> <!-- testNG_Package.TC2 -->
