<?xml version="1.0" encoding="UTF-8"?>
<!-- Generated by org.testng.reporters.JUnitReportReporter -->
<testsuite skipped="0" hostname="Vishwanaths-MacBook-Pro.local" name="TestNGTC" tests="3" failures="0" timestamp="23 Oct 2018 22:00:58 GMT" time="0.014" errors="0">
  <testcase name="googleTitleTest" time="0.003" classname="TestNGTC"/>
  <testcase name="searchTest" time="0.002" classname="TestNGTC"/>
  <testcase name="googleLogoTest" time="0.009" classname="TestNGTC"/>
</testsuite> <!-- TestNGTC -->
